[debug] [2024-09-18T17:46:37.603Z] ----------------------------------------------------------------------
[debug] [2024-09-18T17:46:37.606Z] Command:       C:\Program Files\nodejs\node.exe C:\Users\Mannan\AppData\Roaming\npm\node_modules\firebase-tools\lib\bin\firebase.js init
[debug] [2024-09-18T17:46:37.607Z] CLI Version:   13.17.0
[debug] [2024-09-18T17:46:37.607Z] Platform:      win32
[debug] [2024-09-18T17:46:37.607Z] Node Version:  v18.16.0
[debug] [2024-09-18T17:46:37.609Z] Time:          Wed Sep 18 2024 23:16:37 GMT+0530 (India Standard Time)
[debug] [2024-09-18T17:46:37.610Z] ----------------------------------------------------------------------
[debug] 
[debug] [2024-09-18T17:46:37.615Z] >>> [apiv2][query] GET https://firebase-public.firebaseio.com/cli.json [none]
[debug] [2024-09-18T17:46:37.710Z] > command requires scopes: ["email","openid","https://www.googleapis.com/auth/cloudplatformprojects.readonly","https://www.googleapis.com/auth/firebase","https://www.googleapis.com/auth/cloud-platform"]
[debug] [2024-09-18T17:46:37.711Z] > authorizing via signed-in user (akashshrivastava589@gmail.com)
[info] 
     ######## #### ########  ######## ########     ###     ######  ########
     ##        ##  ##     ## ##       ##     ##  ##   ##  ##       ##
     ######    ##  ########  ######   ########  #########  ######  ######
     ##        ##  ##    ##  ##       ##     ## ##     ##       ## ##
     ##       #### ##     ## ######## ########  ##     ##  ######  ########

You're about to initialize a Firebase project in this directory:

  C:\Users\Mannan\Desktop\Kanban board\task-board

[debug] [2024-09-18T17:46:38.812Z] <<< [apiv2][status] GET https://firebase-public.firebaseio.com/cli.json 200
[debug] [2024-09-18T17:46:38.813Z] <<< [apiv2][body] GET https://firebase-public.firebaseio.com/cli.json {"cloudBuildErrorAfter":1594252800000,"cloudBuildWarnAfter":1590019200000,"defaultNode10After":1594252800000,"minVersion":"3.0.5","node8DeploysDisabledAfter":1613390400000,"node8RuntimeDisabledAfter":1615809600000,"node8WarnAfter":1600128000000}
[info] 
=== Project Setup
[info] 
[info] First, let's associate this project directory with a Firebase project.
[info] You can create multiple project aliases by running firebase use --add, 
[info] but for now we'll just set up a default project.
[info] 
[info] i  If you want to create a project in a Google Cloud organization or folder, please use "firebase projects:create" instead, and return to this command when you've created the project. 
[debug] [2024-09-18T17:48:09.692Z] > refreshing access token with scopes: []
[debug] [2024-09-18T17:48:09.695Z] >>> [apiv2][query] POST https://www.googleapis.com/oauth2/v3/token [none]
[debug] [2024-09-18T17:48:09.695Z] >>> [apiv2][body] POST https://www.googleapis.com/oauth2/v3/token [omitted]
[debug] [2024-09-18T17:48:10.203Z] <<< [apiv2][status] POST https://www.googleapis.com/oauth2/v3/token 200
[debug] [2024-09-18T17:48:10.203Z] <<< [apiv2][body] POST https://www.googleapis.com/oauth2/v3/token [omitted]
[debug] [2024-09-18T17:48:10.305Z] >>> [apiv2][query] POST https://cloudresourcemanager.googleapis.com/v1/projects [none]
[debug] [2024-09-18T17:48:10.306Z] >>> [apiv2][body] POST https://cloudresourcemanager.googleapis.com/v1/projects {"projectId":"Akash@123","name":"Task Board"}
[debug] [2024-09-18T17:48:11.995Z] <<< [apiv2][status] POST https://cloudresourcemanager.googleapis.com/v1/projects 400
[debug] [2024-09-18T17:48:11.996Z] <<< [apiv2][body] POST https://cloudresourcemanager.googleapis.com/v1/projects {"error":{"code":400,"message":"field [project_id] has issue [project_id contains invalid characters]","status":"INVALID_ARGUMENT","details":[{"@type":"type.googleapis.com/google.rpc.BadRequest","fieldViolations":[{"field":"project_id","description":"project_id contains invalid characters"}]},{"@type":"type.googleapis.com/google.rpc.Help","links":[{"url":"https://cloud.google.com/resource-manager/reference/rest/v1/projects"}]}]}}
[debug] [2024-09-18T17:48:12.004Z] FirebaseError: HTTP Error: 400, field [project_id] has issue [project_id contains invalid characters]
    at responseToError (C:\Users\Mannan\AppData\Roaming\npm\node_modules\firebase-tools\lib\responseToError.js:49:12)
    at RetryOperation._fn (C:\Users\Mannan\AppData\Roaming\npm\node_modules\firebase-tools\lib\apiv2.js:305:77)
    at process.processTicksAndRejections (node:internal/process/task_queues:95:5)
[error] 
[error] Error: Failed to create project. See firebase-debug.log for more info.
[debug] [2024-09-18T17:48:35.386Z] ----------------------------------------------------------------------
[debug] [2024-09-18T17:48:35.399Z] Command:       C:\Program Files\nodejs\node.exe C:\Users\Mannan\AppData\Roaming\npm\node_modules\firebase-tools\lib\bin\firebase.js init
[debug] [2024-09-18T17:48:35.403Z] CLI Version:   13.17.0
[debug] [2024-09-18T17:48:35.404Z] Platform:      win32
[debug] [2024-09-18T17:48:35.404Z] Node Version:  v18.16.0
[debug] [2024-09-18T17:48:35.407Z] Time:          Wed Sep 18 2024 23:18:35 GMT+0530 (India Standard Time)
[debug] [2024-09-18T17:48:35.407Z] ----------------------------------------------------------------------
[debug] 
[debug] [2024-09-18T17:48:35.446Z] > command requires scopes: ["email","openid","https://www.googleapis.com/auth/cloudplatformprojects.readonly","https://www.googleapis.com/auth/firebase","https://www.googleapis.com/auth/cloud-platform"]
[debug] [2024-09-18T17:48:35.448Z] > authorizing via signed-in user (akashshrivastava589@gmail.com)
[info] 
     ######## #### ########  ######## ########     ###     ######  ########
     ##        ##  ##     ## ##       ##     ##  ##   ##  ##       ##
     ######    ##  ########  ######   ########  #########  ######  ######
     ##        ##  ##    ##  ##       ##     ## ##     ##       ## ##
     ##       #### ##     ## ######## ########  ##     ##  ######  ########

You're about to initialize a Firebase project in this directory:

  C:\Users\Mannan\Desktop\Kanban board\task-board

[info] 
=== Project Setup
[info] 
[info] First, let's associate this project directory with a Firebase project.
[info] You can create multiple project aliases by running firebase use --add, 
[info] but for now we'll just set up a default project.
[info] 
[debug] [2024-09-18T17:50:43.986Z] >>> [apiv2][query] GET https://firebase.googleapis.com/v1beta1/projects pageSize=100
[debug] [2024-09-18T17:50:45.221Z] <<< [apiv2][status] GET https://firebase.googleapis.com/v1beta1/projects 200
[debug] [2024-09-18T17:50:45.223Z] <<< [apiv2][body] GET https://firebase.googleapis.com/v1beta1/projects [omitted]
[info] i  Using project task-board-efb89 (Task Board) 
[info] 
=== Hosting Setup
[debug] [2024-09-18T17:50:51.487Z] >>> [apiv2][query] GET https://firebase.googleapis.com/v1beta1/projects/task-board-efb89 [none]
[debug] [2024-09-18T17:50:52.399Z] <<< [apiv2][status] GET https://firebase.googleapis.com/v1beta1/projects/task-board-efb89 200
[debug] [2024-09-18T17:50:52.400Z] <<< [apiv2][body] GET https://firebase.googleapis.com/v1beta1/projects/task-board-efb89 {"projectId":"task-board-efb89","projectNumber":"668181423557","displayName":"Task Board","name":"projects/task-board-efb89","resources":{"hostingSite":"task-board-efb89"},"state":"ACTIVE","etag":"1_13712e3b-bc4b-46a0-b628-576e7108c0ad"}
[info] 
[info] Your public directory is the folder (relative to your project directory) that
[info] will contain Hosting assets to be uploaded with firebase deploy. If you
[info] have a build process for your assets, use your build's output directory.
[info] 
[debug] [2024-09-18T17:51:17.176Z] >>> [apiv2][query] GET https://www.gstatic.com/firebasejs/releases.json [none]
[debug] [2024-09-18T17:51:17.605Z] <<< [apiv2][status] GET https://www.gstatic.com/firebasejs/releases.json 200
[debug] [2024-09-18T17:51:17.606Z] <<< [apiv2][body] GET https://www.gstatic.com/firebasejs/releases.json {"current":{"version":"10.13.1","browserURL":"https://www.gstatic.com/firebasejs/10.13.1/firebase.js","packageURL":"https://www.gstatic.com/firebasejs/10.13.1/firebase.tgz"},"live":{"version":"10.13","browserURL":"https://www.gstatic.com/firebasejs/live/10.13/firebase.js","packageURL":"https://www.gstatic.com/firebasejs/live/10.13/firebase.tgz"},"components":{"analytics":"https://www.gstatic.com/firebasejs/10.13.1/firebase-analytics.js","app":"https://www.gstatic.com/firebasejs/10.13.1/firebase-app.js","app-check":"https://www.gstatic.com/firebasejs/10.13.1/firebase-app-check.js","auth":"https://www.gstatic.com/firebasejs/10.13.1/firebase-auth.js","auth/cordova":"https://www.gstatic.com/firebasejs/10.13.1/firebase-auth/cordova.js","auth/web-extension":"https://www.gstatic.com/firebasejs/10.13.1/firebase-auth/web-extension.js","functions":"https://www.gstatic.com/firebasejs/10.13.1/firebase-functions.js","firestore":"https://www.gstatic.com/firebasejs/10.13.1/firebase-firestore.js","firestore/lite":"https://www.gstatic.com/firebasejs/10.13.1/firebase-firestore/lite.js","installations":"https://www.gstatic.com/firebasejs/10.13.1/firebase-installations.js","storage":"https://www.gstatic.com/firebasejs/10.13.1/firebase-storage.js","performance":"https://www.gstatic.com/firebasejs/10.13.1/firebase-performance.js","remote-config":"https://www.gstatic.com/firebasejs/10.13.1/firebase-remote-config.js","messaging":"https://www.gstatic.com/firebasejs/10.13.1/firebase-messaging.js","messaging/sw":"https://www.gstatic.com/firebasejs/10.13.1/firebase-messaging/sw.js","database":"https://www.gstatic.com/firebasejs/10.13.1/firebase-database.js","vertexai-preview":"https://www.gstatic.com/firebasejs/10.13.1/firebase-vertexai-preview.js","firestore.memory":"https://www.gstatic.com/firebasejs/10.13.1/firebase-firestore.memory.js"}}
[info] +  Wrote yes/index.html 
[info] 
[info] i  Detected a .git folder at C:\Users\Mannan\Desktop\Kanban board\task-board 
[info] i  Authorizing with GitHub to upload your service account to a GitHub repository's secrets store. 
[info] 
[info] Visit this URL on this device to log in:
[info] https://github.com/login/oauth/authorize?client_id=89cf50f02ac6aaed3484&state=411135369&redirect_uri=http%3A%2F%2Flocalhost%3A9005&scope=read%3Auser%20repo%20public_repo
[info] 
[info] Waiting for authentication...
[debug] [2024-09-18T17:59:20.604Z] >>> [apiv2][query] POST https://github.com/login/oauth/access_token [none]
[debug] [2024-09-18T17:59:20.605Z] >>> [apiv2][body] POST https://github.com/login/oauth/access_token [stream]
[debug] [2024-09-18T17:59:21.152Z] <<< [apiv2][status] POST https://github.com/login/oauth/access_token 200
[debug] [2024-09-18T17:59:21.153Z] <<< [apiv2][body] POST https://github.com/login/oauth/access_token {"access_token":"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","token_type":"bearer","scope":"read:user,repo"}
[debug] [2024-09-18T17:59:21.157Z] >>> [apiv2][query] GET https://api.github.com/user [none]
[debug] [2024-09-18T17:59:21.716Z] <<< [apiv2][status] GET https://api.github.com/user 200
[debug] [2024-09-18T17:59:21.716Z] <<< [apiv2][body] GET https://api.github.com/user {"login":"akashshrivastava538","id":121242173,"node_id":"U_kgDOBzoCPQ","avatar_url":"https://avatars.githubusercontent.com/u/121242173?v=4","gravatar_id":"","url":"https://api.github.com/users/akashshrivastava538","html_url":"https://github.com/akashshrivastava538","followers_url":"https://api.github.com/users/akashshrivastava538/followers","following_url":"https://api.github.com/users/akashshrivastava538/following{/other_user}","gists_url":"https://api.github.com/users/akashshrivastava538/gists{/gist_id}","starred_url":"https://api.github.com/users/akashshrivastava538/starred{/owner}{/repo}","subscriptions_url":"https://api.github.com/users/akashshrivastava538/subscriptions","organizations_url":"https://api.github.com/users/akashshrivastava538/orgs","repos_url":"https://api.github.com/users/akashshrivastava538/repos","events_url":"https://api.github.com/users/akashshrivastava538/events{/privacy}","received_events_url":"https://api.github.com/users/akashshrivastava538/received_events","type":"User","site_admin":false,"name":null,"company":null,"blog":"","location":null,"email":null,"hireable":null,"bio":null,"twitter_username":null,"notification_email":null,"public_repos":11,"public_gists":0,"followers":0,"following":0,"created_at":"2022-12-22T14:24:19Z","updated_at":"2024-09-18T17:58:16Z","private_gists":0,"total_private_repos":1,"owned_private_repos":1,"disk_usage":1578,"collaborators":0,"two_factor_authentication":false,"plan":{"name":"free","space":976562499,"collaborators":0,"private_repos":10000}}
[info] 
[info] +  Success! Logged into GitHub as akashshrivastava538 
[info] 
[debug] [2024-09-18T18:00:42.041Z] >>> [apiv2][query] GET https://api.github.com/repos/akashshrivastava589/task-board/actions/secrets/public-key type=owner
[debug] [2024-09-18T18:00:42.753Z] <<< [apiv2][status] GET https://api.github.com/repos/akashshrivastava589/task-board/actions/secrets/public-key 404
[debug] [2024-09-18T18:00:42.753Z] <<< [apiv2][body] GET https://api.github.com/repos/akashshrivastava589/task-board/actions/secrets/public-key {"message":"Not Found","documentation_url":"https://docs.github.com/rest/actions/secrets#get-a-repository-public-key","status":"404"}
[info] 
[info] 
[error] !  The provided authorization cannot be used with this repository. If this repository is in an organization, did you remember to grant access? 
[info] 
[info] i  Action required: Visit this URL to ensure access has been granted to the appropriate organization(s) for the Firebase CLI GitHub OAuth App: 
[info] https://github.com/settings/connections/applications/89cf50f02ac6aaed3484
[info] 
[debug] [2024-09-18T18:01:04.501Z] >>> [apiv2][query] GET https://api.github.com/repos/akashshrivastava589/task-board/actions/secrets/public-key type=owner
[debug] [2024-09-18T18:01:05.153Z] <<< [apiv2][status] GET https://api.github.com/repos/akashshrivastava589/task-board/actions/secrets/public-key 404
[debug] [2024-09-18T18:01:05.154Z] <<< [apiv2][body] GET https://api.github.com/repos/akashshrivastava589/task-board/actions/secrets/public-key {"message":"Not Found","documentation_url":"https://docs.github.com/rest/actions/secrets#get-a-repository-public-key","status":"404"}
[info] 
[info] 
[error] !  The provided authorization cannot be used with this repository. If this repository is in an organization, did you remember to grant access? 
[info] 
[info] i  Action required: Visit this URL to ensure access has been granted to the appropriate organization(s) for the Firebase CLI GitHub OAuth App: 
[info] https://github.com/settings/connections/applications/89cf50f02ac6aaed3484
[info] 
[debug] [2024-09-18T18:01:54.984Z] >>> [apiv2][query] GET https://api.github.com/repos/akashshrivastava589/task-board/actions/secrets/public-key type=owner
[debug] [2024-09-18T18:01:55.571Z] <<< [apiv2][status] GET https://api.github.com/repos/akashshrivastava589/task-board/actions/secrets/public-key 404
[debug] [2024-09-18T18:01:55.572Z] <<< [apiv2][body] GET https://api.github.com/repos/akashshrivastava589/task-board/actions/secrets/public-key {"message":"Not Found","documentation_url":"https://docs.github.com/rest/actions/secrets#get-a-repository-public-key","status":"404"}
[info] 
[info] 
[error] !  The provided authorization cannot be used with this repository. If this repository is in an organization, did you remember to grant access? 
[info] 
[info] i  Action required: Visit this URL to ensure access has been granted to the appropriate organization(s) for the Firebase CLI GitHub OAuth App: 
[info] https://github.com/settings/connections/applications/89cf50f02ac6aaed3484
[info] 
[debug] [2024-09-18T18:05:04.519Z] >>> [apiv2][query] GET https://api.github.com/repos/akashshrivastava589/task-board/actions/secrets/public-key type=owner
[debug] [2024-09-18T18:05:05.154Z] <<< [apiv2][status] GET https://api.github.com/repos/akashshrivastava589/task-board/actions/secrets/public-key 404
[debug] [2024-09-18T18:05:05.155Z] <<< [apiv2][body] GET https://api.github.com/repos/akashshrivastava589/task-board/actions/secrets/public-key {"message":"Not Found","documentation_url":"https://docs.github.com/rest/actions/secrets#get-a-repository-public-key","status":"404"}
[info] 
[info] 
[error] !  The provided authorization cannot be used with this repository. If this repository is in an organization, did you remember to grant access? 
[info] 
[info] i  Action required: Visit this URL to ensure access has been granted to the appropriate organization(s) for the Firebase CLI GitHub OAuth App: 
[info] https://github.com/settings/connections/applications/89cf50f02ac6aaed3484
[info] 
